<?xml version="1.0" encoding="UTF-8"?>
<!-- Generated by org.testng.reporters.JUnitReportReporter -->
<testsuite hostname="QT-INBG-LT0230" failures="0" tests="18" name="Mobile_worldd.Order" time="18.227" errors="1" timestamp="2022-06-16T22:13:08 IST" skipped="0">
  <testcase classname="Mobile_worldd.Order" name="launchBrowser" time="9.272"/>
  <system-out/>
  <testcase classname="Mobile_worldd.Order" name="enterFirstName" time="0.141"/>
  <system-out/>
  <testcase classname="Mobile_worldd.Order" name="enterLastName" time="0.095"/>
  <system-out/>
  <testcase classname="Mobile_worldd.Order" name="enterEmailId" time="0.156"/>
  <system-out/>
  <testcase classname="Mobile_worldd.Order" name="enterPassword" time="0.094"/>
  <system-out/>
  <testcase classname="Mobile_worldd.Order" name="selectGender" time="0.104"/>
  <system-out/>
  <testcase classname="Mobile_worldd.Order" name="enterNumber" time="0.116"/>
  <system-out/>
  <testcase classname="Mobile_worldd.Order" name="enterAddress1" time="0.096"/>
  <system-out/>
  <testcase classname="Mobile_worldd.Order" name="enterAddress2" time="0.105"/>
  <system-out/>
  <testcase classname="Mobile_worldd.Order" name="enterCity" time="0.106"/>
  <system-out/>
  <testcase classname="Mobile_worldd.Order" name="selectState" time="0.108"/>
  <system-out/>
  <testcase classname="Mobile_worldd.Order" name="enterZIP" time="0.097"/>
  <system-out/>
  <testcase classname="Mobile_worldd.Order" name="selectBrand" time="0.138"/>
  <system-out/>
  <testcase classname="Mobile_worldd.Order" name="selectModel" time="0.078"/>
  <system-out/>
  <testcase classname="Mobile_worldd.Order" name="enterCount" time="0.075"/>
  <system-out/>
  <testcase classname="Mobile_worldd.Order" name="selectHaveYouBought" time="0.132"/>
  <system-out/>
  <testcase classname="Mobile_worldd.Order" name="selectCheck" time="0.184"/>
  <system-out/>
  <testcase classname="Mobile_worldd.Order" name="selectOrder" time="7.130">
    <error message="element not interactable
  (Session info: chrome=102.0.5005.115)
Build info: version: &#039;4.2.2&#039;, revision: &#039;683ccb65d6&#039;
System info: host: &#039;QT-INBG-LT0230&#039;, ip: &#039;192.168.1.11&#039;, os.name: &#039;Windows 10&#039;, os.arch: &#039;amd64&#039;, os.version: &#039;10.0&#039;, java.version: &#039;18.0.1.1&#039;
Driver info: org.openqa.selenium.chrome.ChromeDriver
Command: [ab2e956817cb4858403cc0ce2ced1497, clickElement {id=f7a984e1-c7ff-459a-8372-9a5d224cda1d}]
Capabilities {acceptInsecureCerts: false, browserName: chrome, browserVersion: 102.0.5005.115, chrome: {chromedriverVersion: 102.0.5005.61 (0e59bcc00cc4..., userDataDir: C:\Users\KANTHA~1.KN\AppDat...}, goog:chromeOptions: {debuggerAddress: localhost:54404}, networkConnectionEnabled: false, pageLoadStrategy: normal, platformName: WINDOWS, proxy: Proxy(), se:cdp: ws://localhost:54404/devtoo..., se:cdpVersion: 102.0.5005.115, setWindowRect: true, strictFileInteractability: false, timeouts: {implicit: 0, pageLoad: 300000, script: 30000}, unhandledPromptBehavior: dismiss and notify, webauthn:extension:credBlob: true, webauthn:extension:largeBlob: true, webauthn:virtualAuthenticators: true}
Element: [[ChromeDriver: chrome on WINDOWS (ab2e956817cb4858403cc0ce2ced1497)] -&gt; xpath: //a[text()=&#039;Close&#039;]]
Session ID: ab2e956817cb4858403cc0ce2ced1497" type="org.openqa.selenium.ElementNotInteractableException">
      <![CDATA[org.openqa.selenium.ElementNotInteractableException: element not interactable
  (Session info: chrome=102.0.5005.115)
Build info: version: '4.2.2', revision: '683ccb65d6'
System info: host: 'QT-INBG-LT0230', ip: '192.168.1.11', os.name: 'Windows 10', os.arch: 'amd64', os.version: '10.0', java.version: '18.0.1.1'
Driver info: org.openqa.selenium.chrome.ChromeDriver
Command: [ab2e956817cb4858403cc0ce2ced1497, clickElement {id=f7a984e1-c7ff-459a-8372-9a5d224cda1d}]
Capabilities {acceptInsecureCerts: false, browserName: chrome, browserVersion: 102.0.5005.115, chrome: {chromedriverVersion: 102.0.5005.61 (0e59bcc00cc4..., userDataDir: C:\Users\KANTHA~1.KN\AppDat...}, goog:chromeOptions: {debuggerAddress: localhost:54404}, networkConnectionEnabled: false, pageLoadStrategy: normal, platformName: WINDOWS, proxy: Proxy(), se:cdp: ws://localhost:54404/devtoo..., se:cdpVersion: 102.0.5005.115, setWindowRect: true, strictFileInteractability: false, timeouts: {implicit: 0, pageLoad: 300000, script: 30000}, unhandledPromptBehavior: dismiss and notify, webauthn:extension:credBlob: true, webauthn:extension:largeBlob: true, webauthn:virtualAuthenticators: true}
Element: [[ChromeDriver: chrome on WINDOWS (ab2e956817cb4858403cc0ce2ced1497)] -> xpath: //a[text()='Close']]
Session ID: ab2e956817cb4858403cc0ce2ced1497
at java.base/jdk.internal.reflect.DirectConstructorHandleAccessor.newInstance(DirectConstructorHandleAccessor.java:67)
at java.base/java.lang.reflect.Constructor.newInstanceWithCaller(Constructor.java:499)
at java.base/java.lang.reflect.Constructor.newInstance(Constructor.java:483)
at org.openqa.selenium.remote.codec.w3c.W3CHttpResponseCodec.createException(W3CHttpResponseCodec.java:200)
at org.openqa.selenium.remote.codec.w3c.W3CHttpResponseCodec.decode(W3CHttpResponseCodec.java:133)
at org.openqa.selenium.remote.codec.w3c.W3CHttpResponseCodec.decode(W3CHttpResponseCodec.java:53)
at org.openqa.selenium.remote.HttpCommandExecutor.execute(HttpCommandExecutor.java:184)
at org.openqa.selenium.remote.service.DriverCommandExecutor.invokeExecute(DriverCommandExecutor.java:167)
at org.openqa.selenium.remote.service.DriverCommandExecutor.execute(DriverCommandExecutor.java:142)
at org.openqa.selenium.remote.RemoteWebDriver.execute(RemoteWebDriver.java:588)
at org.openqa.selenium.remote.RemoteWebElement.execute(RemoteWebElement.java:257)
at org.openqa.selenium.remote.RemoteWebElement.click(RemoteWebElement.java:78)
at Mobile_worldd.Order.selectOrder(Order.java:124)
at java.base/jdk.internal.reflect.DirectMethodHandleAccessor.invoke(DirectMethodHandleAccessor.java:104)
at java.base/java.lang.reflect.Method.invoke(Method.java:577)
at org.testng.internal.MethodInvocationHelper.invokeMethod(MethodInvocationHelper.java:133)
at org.testng.internal.TestInvoker.invokeMethod(TestInvoker.java:598)
at org.testng.internal.TestInvoker.invokeTestMethod(TestInvoker.java:173)
at org.testng.internal.MethodRunner.runInSequence(MethodRunner.java:46)
at org.testng.internal.TestInvoker$MethodInvocationAgent.invoke(TestInvoker.java:824)
at org.testng.internal.TestInvoker.invokeTestMethods(TestInvoker.java:146)
at org.testng.internal.TestMethodWorker.invokeTestMethods(TestMethodWorker.java:146)
at org.testng.internal.TestMethodWorker.run(TestMethodWorker.java:128)
at java.base/java.util.ArrayList.forEach(ArrayList.java:1511)
at org.testng.TestRunner.privateRun(TestRunner.java:794)
at org.testng.TestRunner.run(TestRunner.java:596)
at org.testng.SuiteRunner.runTest(SuiteRunner.java:377)
at org.testng.SuiteRunner.runSequentially(SuiteRunner.java:371)
at org.testng.SuiteRunner.privateRun(SuiteRunner.java:332)
at org.testng.SuiteRunner.run(SuiteRunner.java:276)
at org.testng.SuiteRunnerWorker.runSuite(SuiteRunnerWorker.java:53)
at org.testng.SuiteRunnerWorker.run(SuiteRunnerWorker.java:96)
at org.testng.TestNG.runSuitesSequentially(TestNG.java:1212)
at org.testng.TestNG.runSuitesLocally(TestNG.java:1134)
at org.testng.TestNG.runSuites(TestNG.java:1063)
at org.testng.TestNG.run(TestNG.java:1031)
at org.testng.remote.AbstractRemoteTestNG.run(AbstractRemoteTestNG.java:115)
at org.testng.remote.RemoteTestNG.initAndRun(RemoteTestNG.java:251)
at org.testng.remote.RemoteTestNG.main(RemoteTestNG.java:77)
]]>
    </error>
  </testcase> <!-- selectOrder -->
  <system-out/>
</testsuite> <!-- Mobile_worldd.Order -->
